\BOOKMARK [1][-]{section.1}{Introduction}{}% 1
\BOOKMARK [2][-]{subsection.1.1}{Background}{section.1}% 2
\BOOKMARK [1][-]{section.2}{Apprehensionality\040as\040a\040functional\040category}{}% 3
\BOOKMARK [1][-]{section.3}{The\040distributional\040properties\040of\040bambai}{}% 4
\BOOKMARK [2][-]{subsection.3.1}{Temporal\040frame\040use}{section.3}% 5
\BOOKMARK [2][-]{subsection.3.2}{Apprehensional\040use}{section.3}% 6
\BOOKMARK [3][-]{subsubsection.3.2.1}{Indicative\040`nonimplicationals'}{subsection.3.2}% 7
\BOOKMARK [3][-]{subsubsection.3.2.2}{Subjunctive\040`nonimplicationals'}{subsection.3.2}% 8
\BOOKMARK [3][-]{subsubsection.3.2.3}{Epistemic\040adverbial}{subsection.3.2}% 9
\BOOKMARK [3][-]{subsubsection.3.2.4}{if-Conditionals}{subsection.3.2}% 10
\BOOKMARK [2][-]{subsection.3.3}{Summary}{section.3}% 11
\BOOKMARK [1][-]{section.4}{Apprehensional\040readings\040emerge\040in\040subsequential\040TFAs}{}% 12
\BOOKMARK [1][-]{section.5}{A\040semantics\040for\040bambai}{}% 13
\BOOKMARK [2][-]{subsection.5.1}{Subsequentiality}{section.5}% 14
\BOOKMARK [2][-]{subsection.5.2}{`Settledness'\040&\040intensionalisation}{section.5}% 15
\BOOKMARK [3][-]{subsubsection.5.2.1}{The\040subsequential\040reading}{subsection.5.2}% 16
\BOOKMARK [3][-]{subsubsection.5.2.2}{The\040apprehensional\040reading}{subsection.5.2}% 17
\BOOKMARK [2][-]{subsection.5.3}{The\040antecedent\040bold0mu\040mumu\040pp2005/06/28\040ver:\0401.3\040subfig\040packagepppp:\040restriction\040and\040partition}{section.5}% 18
\BOOKMARK [1][-]{section.6}{Conclusion}{}% 19
\BOOKMARK [1][-]{section*.5}{References}{}% 20
