\BOOKMARK [0][-]{part.1}{I\040Tenselessness\040and\040notions\040of\040tense\040as\040a\040universal}{}% 1
\BOOKMARK [1][-]{section.0}{Tonhauser\040\(Annu.\040Rev.\040Linguist.\)}{part.1}% 2
\BOOKMARK [2][-]{subsection.0.1}{Tense speak \(§ 2\)}{section.0}% 3
\BOOKMARK [2][-]{subsection.0.2}{constraints on temporal reference \(§3\)}{section.0}% 4
\BOOKMARK [1][-]{section.1}{Bohnemeyer\040LD&C\040ms.\040Elicitation\040&\040documentation\040of\040tense\040&\040aspect\040&\0402018\040SULA\040presentation\040on\040metricality}{part.1}% 5
\BOOKMARK [1][-]{section.2}{Tonhauser Linguist. Philos. 2009 \(Guaraní temporal reference\)}{part.1}% 6
\BOOKMARK [2][-]{subsection.2.1}{`tns': Critiques from Guaraní \(§3\)}{section.2}% 7
\BOOKMARK [2][-]{subsection.2.2}{The\040tenseless\040analysis}{section.2}% 8
\BOOKMARK [1][-]{section.3}{Matthewson 2006 Ling. & Philos. \(Temporal semantics in St'át'imcets\)}{part.1}% 9
\BOOKMARK [1][-]{section.4}{Bohnemeyer\0402009\040\(Yucatec\040temporal\040anaphora\)}{part.1}% 10
\BOOKMARK [1][-]{section.5}{Ritter\040&\040Wiltshko\0402009/14\040NLLT\040\(composition\040of\040infl\)}{part.1}% 11
\BOOKMARK [2][-]{subsection.5.1}{Motivating the IP \(§2\)}{section.5}% 12
\BOOKMARK [2][-]{subsection.5.2}{Formalising anchoring \(§§2.3-3\)}{section.5}% 13
\BOOKMARK [1][-]{section.6}{Bittner\0402011,\0402006\040\(Greenlandic\040[kal]\040time\040&\040modality\)}{part.1}% 14
\BOOKMARK [2][-]{subsection.6.1}{2006 J. Semant. 22: Tenseless future – viewed from Greenland}{section.6}% 15
\BOOKMARK [2][-]{subsection.6.2}{2011\040in\040Tense\040across\040languages}{section.6}% 16
\BOOKMARK [1][-]{section.7}{Bochnak\0402016\040\(Washo\040[was]\040optional\040past\040tense\040ref\)}{part.1}% 17
\BOOKMARK [1][-]{section.8}{Temporal\040remoteness:\040metricality,\040relativity\040and\040gradability}{part.1}% 18
\BOOKMARK [2][-]{subsection.8.1}{Cable 2013 NLS 21 \(Gĩkũyũ [kik] graded tense\)}{section.8}% 19
\BOOKMARK [2][-]{subsection.8.2}{Bohnemeyer\0402018\040SULA}{section.8}% 20
\BOOKMARK [2][-]{subsection.8.3}{Klesna\040&\040Bochnak}{section.8}% 21
\BOOKMARK [0][-]{part.2}{II\040Interactions\040with\040modality}{}% 22
\BOOKMARK [1][-]{section.9}{Krifka\0402015/6\040\(Daakie\040[ptv]\040T&M\040reference\)}{part.2}% 23
\BOOKMARK [2][-]{subsection.9.1}{Realis}{section.9}% 24
\BOOKMARK [2][-]{subsection.9.2}{Potentialis}{section.9}% 25
\BOOKMARK [2][-]{subsection.9.3}{Distal}{section.9}% 26
\BOOKMARK [1][-]{section.10}{Matthewson\0402010\040S&P3\040`Variation\040in\040modality\040systems'}{part.2}% 27
\BOOKMARK [1][-]{section.11}{Rullman\040&\040Matthewson\0402018\040Lang.\04094\(2\)}{part.2}% 28
\BOOKMARK [2][-]{subsection.11.1}{Independence of modal flavour from temp perspective \(§2\)}{section.11}% 29
\BOOKMARK [2][-]{subsection.11.2}{TO and Aspect \(§3\)}{section.11}% 30
\BOOKMARK [2][-]{subsection.11.3}{}{section.11}% 31
\BOOKMARK [1][-]{section.12}{Verstraete\0402006\040AJL26\040`Irreality\040in\040pst\040domain'}{part.2}% 32
\BOOKMARK [1][-]{section.13}{vanderblok\0402012\040TMA\040in\040Paciran\040Javanese}{part.2}% 33
\BOOKMARK [0][-]{part.3}{III Treatments of \(& data from\) Yolŋu Matha & surrounds}{}% 34
\BOOKMARK [1][-]{section.14}{Wilkinson 1991 Djambarrpuyŋu}{part.3}% 35
\BOOKMARK [2][-]{subsection.14.1}{Complementation\040\(Wilkinson\040ms.\)}{section.14}% 36
\BOOKMARK [3][-]{subsubsection.14.1.1}{Nominalization}{subsection.14.1}% 37
\BOOKMARK [3][-]{subsubsection.14.1.2}{Apposed\040finite\040clauses}{subsection.14.1}% 38
\BOOKMARK [3][-]{subsubsection.14.1.3}{Serialisation}{subsection.14.1}% 39
\BOOKMARK [2][-]{subsection.14.2}{Conditionals\040\(667ff\)}{section.14}% 40
\BOOKMARK [1][-]{section.15}{van den Wal 1992 Gupapuyŋu}{part.3}% 41
\BOOKMARK [2][-]{subsection.15.1}{Realis}{section.15}% 42
\BOOKMARK [2][-]{subsection.15.2}{Irrealis}{section.15}% 43
\BOOKMARK [2][-]{subsection.15.3}{notes\040on\040aspect}{section.15}% 44
\BOOKMARK [2][-]{subsection.15.4}{notes\040on\040modality}{section.15}% 45
\BOOKMARK [2][-]{subsection.15.5}{Other\040notes}{section.15}% 46
\BOOKMARK [1][-]{section.16}{McLellan\0401992\040Wangurri}{part.3}% 47
\BOOKMARK [2][-]{subsection.16.1}{Descriptions\040of\040the\0405\040inflections}{section.16}% 48
\BOOKMARK [2][-]{subsection.16.2}{Tense\040particles}{section.16}% 49
\BOOKMARK [2][-]{subsection.16.3}{Modal\040particles}{section.16}% 50
\BOOKMARK [3][-]{subsubsection.16.3.1}{Conditionals}{subsection.16.3}% 51
\BOOKMARK [1][-]{section.17}{Waters 1986 Djinaŋ/Djinba}{part.3}% 52
\BOOKMARK [1][-]{section.18}{Heath 1980 Ritharrŋu [rit]}{part.3}% 53
\BOOKMARK [1][-]{section.19}{Kabisch-Lindenlaub\0402017\040Golpa}{part.3}% 54
\BOOKMARK [1][-]{section.20}{Non-Yolŋu}{part.3}% 55
\BOOKMARK [2][-]{subsection.20.1}{Green\0401995\040Gurr-goni}{section.20}% 56
\BOOKMARK [2][-]{subsection.20.2}{Nunggubuyu}{section.20}% 57
\BOOKMARK [2][-]{subsection.20.3}{Burarra}{section.20}% 58
\BOOKMARK [2][-]{subsection.20.4}{Eather\0401990\040Na-kara}{section.20}% 59
\BOOKMARK [0][-]{part.4}{IV\040Anthropological\040&\040ethnographic\040insights}{}% 60
\BOOKMARK [1][-]{section.21}{Hale's\040World\040View\040&\040Semantic\040Categories}{part.4}% 61
