\BOOKMARK [0][-]{chapter.1}{Introduction}{}% 1
\BOOKMARK [1][-]{section.1.1}{Overview}{chapter.1}% 2
\BOOKMARK [1][-]{section.1.2}{Formal\040theories\040of\040displacement}{chapter.1}% 3
\BOOKMARK [2][-]{subsection.1.2.1}{Indeterminist\040tense\040logic}{section.1.2}% 4
\BOOKMARK [2][-]{subsection.1.2.2}{Modal\040auxiliaries\040as\040quantifiers:\040Kratzer1977\040et\040seq.}{section.1.2}% 5
\BOOKMARK [1][-]{section.1.3}{A\040note\040on\040the\040``amphichronic\040program''}{chapter.1}% 6
\BOOKMARK [1][-]{section.1.4}{The\040linguistic\040ecology\040of\040Arnhem\040Land}{chapter.1}% 7
\BOOKMARK [1][-]{section.1.5}{Data\040&\040glossing\040conventions}{chapter.1}% 8
\BOOKMARK [-1][-]{part.1}{I\040The\040emergence\040of\040apprehensionality\040in\040Australian\040Kriol}{}% 9
\BOOKMARK [0][-]{chapter.2}{bambai\040as\040an\040apprehensional}{part.1}% 10
\BOOKMARK [1][-]{section.2.1}{Background}{chapter.2}% 11
\BOOKMARK [1][-]{section.2.2}{Apprehensionality\040cross-linguistically}{chapter.2}% 12
\BOOKMARK [2][-]{subsection.2.2.1}{Apprehensionality\040as\040a\040semantic\040domain}{section.2.2}% 13
\BOOKMARK [2][-]{subsection.2.2.2}{Apprehensionality\040in\040the\040context\040of\040Australian\040Kriol}{section.2.2}% 14
\BOOKMARK [2][-]{subsection.2.2.3}{Temporal\040frame\040adverbs\040and\040apprehensionality}{section.2.2}% 15
\BOOKMARK [1][-]{section.2.3}{The\040distribution\040of\040Kriol\040bambai}{chapter.2}% 16
\BOOKMARK [2][-]{subsection.2.3.1}{Temporal\040frame\040reading}{section.2.3}% 17
\BOOKMARK [2][-]{subsection.2.3.2}{Apprehensional\040reading}{section.2.3}% 18
\BOOKMARK [3][-]{subsubsection.2.3.2.1}{Precautioning\040uses}{subsection.2.3.2}% 19
\BOOKMARK [3][-]{subsubsection.2.3.2.2}{Apprehensive\040uses}{subsection.2.3.2}% 20
\BOOKMARK [2][-]{subsection.2.3.3}{Summary}{section.2.3}% 21
\BOOKMARK [0][-]{chapter.3}{An\040apprehensional\040pragmatics}{part.1}% 22
\BOOKMARK [1][-]{section.3.1}{A\040modal\040subordination\040account}{chapter.3}% 23
\BOOKMARK [2][-]{subsection.3.1.1}{Accommodation\040and\040restriction}{section.3.1}% 24
\BOOKMARK [3][-]{subsubsection.3.1.1.1}{A\040modal\040discourse\040representation\040language}{subsection.3.1.1}% 25
\BOOKMARK [3][-]{subsubsection.3.1.1.2}{Discourse\040representation\040of\040the\040precautioning\040construction}{subsection.3.1.1}% 26
\BOOKMARK [3][-]{subsubsection.3.1.1.3}{Modal\040subordination\040in\040action}{subsection.3.1.1}% 27
\BOOKMARK [2][-]{subsection.3.1.2}{Information\040structure}{section.3.1}% 28
\BOOKMARK [2][-]{subsection.3.1.3}{Apprehensive\040domain\040restriction}{section.3.1}% 29
\BOOKMARK [1][-]{section.3.2}{Apprehensionality\040emerging}{chapter.3}% 30
\BOOKMARK [2][-]{subsection.3.2.1}{Temporal\040sequence\040&\040conditional\040modality}{section.3.2}% 31
\BOOKMARK [2][-]{subsection.3.2.2}{Conventionalized...not\040just\040conversational}{section.3.2}% 32
\BOOKMARK [1][-]{section.3.3}{Use\040conditions}{chapter.3}% 33
\BOOKMARK [2][-]{subsection.3.3.1}{The\040status\040of\040apprehensional\040``attitude\040conditions''}{section.3.3}% 34
\BOOKMARK [2][-]{subsection.3.3.2}{Competition\040in\040the\040modal-adverb\040domain}{section.3.3}% 35
\BOOKMARK [1][-]{section.3.4}{Summary}{chapter.3}% 36
\BOOKMARK [0][-]{chapter.4}{A\040semantics\040for\040bambai}{part.1}% 37
\BOOKMARK [1][-]{section.4.1}{Subsequentiality}{chapter.4}% 38
\BOOKMARK [1][-]{section.4.2}{`Settledness'\040&\040intensionalisation}{chapter.4}% 39
\BOOKMARK [1][-]{section.4.3}{The\040omniscience\040restriction}{chapter.4}% 40
\BOOKMARK [1][-]{section.4.4}{Deriving\040the\040subsequential\040reading}{chapter.4}% 41
\BOOKMARK [1][-]{section.4.5}{Deriving\040the\040apprehensional\040reading}{chapter.4}% 42
\BOOKMARK [2][-]{subsection.4.5.1}{The\040semantics\040of\040a\040counterfactual\040apprehensional}{section.4.5}% 43
\BOOKMARK [2][-]{subsection.4.5.2}{The\040``epistemic\040apprehensive''\040use}{section.4.5}% 44
\BOOKMARK [2][-]{subsection.4.5.3}{Possibly\040pessimistic}{section.4.5}% 45
\BOOKMARK [2][-]{subsection.4.5.4}{Apprehensionalisation\040and\040the\040synchronic\040system}{section.4.5}% 46
\BOOKMARK [1][-]{section.4.6}{Conclusion}{chapter.4}% 47
\BOOKMARK [-1][-]{part.2}{II\040Semantics\040of\040the\040Negative\040Existential\040Cycle}{}% 48
\BOOKMARK [-1][-]{part.3}{III Reality status & the Yolŋu verbal paradigm}{}% 49
\BOOKMARK [0][-]{section*.29}{Introduction}{part.3}% 50
\BOOKMARK [0][-]{chapter.1}{Background}{part.3}% 51
\BOOKMARK [1][-]{section.1.1}{Grammars\040of\040TMA:\040the\040notion\040of\040``prominence''}{chapter.1}% 52
\BOOKMARK [2][-]{subsection.1.1.1}{Futurity\040and\040mood-prominence}{section.1.1}% 53
\BOOKMARK [2][-]{subsection.1.1.2}{Negation\040and\040mood}{section.1.1}% 54
\BOOKMARK [1][-]{section.1.2}{Yolŋu Matha}{chapter.1}% 55
\BOOKMARK [1][-]{section.1.3}{The Yolŋu verb: Typology & morphosemantics}{chapter.1}% 56
\BOOKMARK [2][-]{subsection.1.3.1}{The Ritharrŋu-Wägilak paradigm}{section.1.3}% 57
\BOOKMARK [2][-]{subsection.1.3.2}{The\040central\040Arnhem\040linguistic\040area}{section.1.3}% 58
\BOOKMARK [1][-]{section.1.4}{Verbal\040inflection\040in\040Western\040Dhuwal\(a\)}{chapter.1}% 59
\BOOKMARK [2][-]{subsection.1.4.1}{The\040Primary\040inflection}{section.1.4}% 60
\BOOKMARK [2][-]{subsection.1.4.2}{The\040Secondary\040inflection}{section.1.4}% 61
\BOOKMARK [2][-]{subsection.1.4.3}{The\040Tertiary\040inflection}{section.1.4}% 62
\BOOKMARK [2][-]{subsection.1.4.4}{The\040Quaternary\040inflection}{section.1.4}% 63
\BOOKMARK [2][-]{subsection.1.4.5}{Summary}{section.1.4}% 64
\BOOKMARK [0][-]{chapter.2}{Temporal\040interpretation\040&\040cyclic\040tensedistinguishing\040I\040from\040III}{part.3}% 65
\BOOKMARK [1][-]{section.2.1}{Aspectuality\040&\040the\040wd\040verb\040stem}{chapter.2}% 66
\BOOKMARK [2][-]{subsection.2.1.1}{The\040wd\040verb\040as\040a\040property\040of\040events}{section.2.1}% 67
\BOOKMARK [2][-]{subsection.2.1.2}{Modelling\040predication\040in\040wd}{section.2.1}% 68
\BOOKMARK [1][-]{section.2.2}{Talking\040about\040the\040past}{chapter.2}% 69
\BOOKMARK [2][-]{subsection.2.2.1}{An\040attempt\040at\040an\040aspect-based\040analysis}{section.2.2}% 70
\BOOKMARK [2][-]{subsection.2.2.2}{A\040disjunctive\040semantics}{section.2.2}% 71
\BOOKMARK [1][-]{section.2.3}{Proposal:\040A\040cyclic\040tense\040system}{chapter.2}% 72
\BOOKMARK [2][-]{subsection.2.3.1}{Metricality\040\(temporal\040remoteness\)\040in\040the\040past}{section.2.3}% 73
\BOOKMARK [2][-]{subsection.2.3.2}{Cyclicity — discontinuous temporal reference}{section.2.3}% 74
\BOOKMARK [3][-]{subsubsection.2.3.2.1}{Property instantiation — modelling assumptions}{subsection.2.3.2}% 75
\BOOKMARK [3][-]{subsubsection.2.3.2.2}{Non-final\040instantiation}{subsection.2.3.2}% 76
\BOOKMARK [3][-]{subsubsection.2.3.2.3}{MaxPresupp\0401:\040A\040blocking\040account}{subsection.2.3.2}% 77
\BOOKMARK [1][-]{section.2.4}{Theorising\040cyclic\040tense\040&\040the\040status\040of\040\040Fc\040}{chapter.2}% 78
\BOOKMARK [2][-]{subsection.2.4.1}{``Cognitive\040domains''}{section.2.4}% 79
\BOOKMARK [2][-]{subsection.2.4.2}{Énonciation, diachrony & functional unity}{section.2.4}% 80
\BOOKMARK [2][-]{subsection.2.4.3}{Aspect\040&\040temporal\040interpreation}{section.2.4}% 81
\BOOKMARK [1][-]{section.2.5}{Conclusion}{chapter.2}% 82
\BOOKMARK [0][-]{chapter.3}{Modal\040interpretation\040&\040negative\040asymmetrydistinguishing\040\040"426830A\040I,III"526930B\040\040from\040\040"426830A\040II,IV"526930B\040}{part.3}% 83
\BOOKMARK [1][-]{section.3.1}{Sentential\040negation\040and\040paradigm\040neutralisation}{chapter.3}% 84
\BOOKMARK [1][-]{section.3.2}{The\040meaning\040of\040the\040modal\040particles}{chapter.3}% 85
\BOOKMARK [2][-]{subsection.3.2.1}{dhu:\040irreality\040and\040the\040future}{section.3.2}% 86
\BOOKMARK [2][-]{subsection.3.2.2}{balaŋ\(u\) & modal claims}{section.3.2}% 87
\BOOKMARK [1][-]{section.3.3}{Semantics\040of\040``nonrealised''\040inflections}{chapter.3}% 88
\BOOKMARK [2][-]{subsection.3.3.1}{On\040the\040status\040of\040``reality\040status''}{section.3.3}% 89
\BOOKMARK [2][-]{subsection.3.3.2}{Verbal\040mood}{section.3.3}% 90
\BOOKMARK [2][-]{subsection.3.3.3}{An\040irrealis\040mood}{section.3.3}% 91
\BOOKMARK [1][-]{section.3.4}{Metaphysical\040nonveridicality}{chapter.3}% 92
\BOOKMARK [2][-]{subsection.3.4.1}{A\040nonveridical\040semantics\040for\040irrealis}{section.3.4}% 93
\BOOKMARK [2][-]{subsection.3.4.2}{Negation\040&\040irrealis}{section.3.4}% 94
\BOOKMARK [3][-]{figure.caption.56}{What does a negative sentence presuppose? : Polarity “asymmetricalism”}{subsection.3.4.2}% 95
\BOOKMARK [2][-]{subsection.3.4.3}{A\040temporomodal\040interaction}{section.3.4}% 96
\BOOKMARK [1][-]{section.3.5}{MaxPresupp\0402:\040The\040same-day\040future}{chapter.3}% 97
\BOOKMARK [1][-]{section.3.6}{Conclusion:\040motivating\040nonveridicality\040and\040irrealis\040mood}{chapter.3}% 98
\BOOKMARK [0][-]{chapter.4}{The\040wd\040paradigm}{part.3}% 99
\BOOKMARK [1][-]{section.4.1}{Assertoric\040force}{chapter.4}% 100
\BOOKMARK [2][-]{subsection.4.1.1}{Epistemic\040modality\040in\040wd}{section.4.1}% 101
\BOOKMARK [2][-]{subsection.4.1.2}{mak\(u\)\040as\040an\040force\040modifier}{section.4.1}% 102
\BOOKMARK [2][-]{subsection.4.1.3}{Embedding\040predicates}{section.4.1}% 103
\BOOKMARK [2][-]{subsection.4.1.4}{Locality\040&\040objective\040nonveridicality}{section.4.1}% 104
\BOOKMARK [3][-]{subsubsection.4.1.4.1}{Locality}{subsection.4.1.4}% 105
\BOOKMARK [3][-]{subsubsection.4.1.4.2}{Objective\040nonveridicality}{subsection.4.1.4}% 106
\BOOKMARK [3][-]{subsubsection.4.1.4.3}{Indexicality\040&\040indexical\040shift}{subsection.4.1.4}% 107
\BOOKMARK [1][-]{section.4.2}{The\040proposal\040in\040action}{chapter.4}% 108
\BOOKMARK [1][-]{section.4.3}{Semantic change in Southern Yolŋu}{chapter.4}% 109
\BOOKMARK [2][-]{subsection.4.3.1}{Semantics of the Ritharrŋu-Wägilak verbal paradigm}{section.4.3}% 110
\BOOKMARK [2][-]{subsection.4.3.2}{Morphosemantic\040change}{section.4.3}% 111
\BOOKMARK [1][-]{section.4.4}{Conclusion}{chapter.4}% 112
\BOOKMARK [0][-]{chapter*.62}{General\040conclusion}{part.3}% 113
\BOOKMARK [0][-]{chapter*.63}{Bibliography}{part.3}% 114
