\BOOKMARK [0][-]{part.1}{I\040Semantics\040of\040TMA}{}% 1
\BOOKMARK [1][-]{section.0}{Formalising\040tense}{part.1}% 2
\BOOKMARK [2][-]{subsection.0.1}{Subordination\040&\040Sequence\040of\040Tense}{section.0}% 3
\BOOKMARK [3][-]{subsubsection.0.1.1}{Interval-based\040logics}{subsection.0.1}% 4
\BOOKMARK [2][-]{subsection.0.2}{Situation\040types\040&\040lexical\040aspect}{section.0}% 5
\BOOKMARK [0][-]{part.2}{II\040Tenselessness\040and\040notions\040of\040tense\040as\040a\040universal}{}% 6
\BOOKMARK [1][-]{section.0}{Tonhauser\040\(Annu.\040Rev.\040Linguist.\)}{part.2}% 7
\BOOKMARK [2][-]{subsection.0.1}{Tense speak \(§ 2\)}{section.0}% 8
\BOOKMARK [2][-]{subsection.0.2}{constraints on temporal reference \(§3\)}{section.0}% 9
\BOOKMARK [1][-]{section.1}{Bohnemeyer\040LD&C\040ms.\040Elicitation\040&\040documentation\040of\040tense\040&\040aspect\040&\0402018\040SULA\040presentation\040on\040metricality}{part.2}% 10
\BOOKMARK [1][-]{section.2}{Tonhauser Linguist. Philos. 2009 \(Guaraní temporal reference\)}{part.2}% 11
\BOOKMARK [2][-]{subsection.2.1}{`tns': Critiques from Guaraní \(§3\)}{section.2}% 12
\BOOKMARK [2][-]{subsection.2.2}{The\040tenseless\040analysis}{section.2}% 13
\BOOKMARK [1][-]{section.3}{Matthewson 2006 Ling. & Philos. \(Temporal semantics in St'át'imcets\)}{part.2}% 14
\BOOKMARK [1][-]{section.4}{Bohnemeyer\0402009\040\(Yucatec\040temporal\040anaphora\)}{part.2}% 15
\BOOKMARK [1][-]{section.5}{Ritter\040&\040Wiltshko\0402009/14\040NLLT\040\(composition\040of\040infl\)}{part.2}% 16
\BOOKMARK [2][-]{subsection.5.1}{Motivating the IP \(§2\)}{section.5}% 17
\BOOKMARK [2][-]{subsection.5.2}{Formalising anchoring \(§§2.3-3\)}{section.5}% 18
\BOOKMARK [1][-]{section.6}{Bittner\0402011,\0402006\040\(Greenlandic\040[kal]\040time\040&\040modality\)}{part.2}% 19
\BOOKMARK [2][-]{subsection.6.1}{2006 J. Semant. 22: Tenseless future – viewed from Greenland}{section.6}% 20
\BOOKMARK [2][-]{subsection.6.2}{2011\040in\040Tense\040across\040languages}{section.6}% 21
\BOOKMARK [1][-]{section.7}{Bochnak\0402016\040\(Washo\040[was]\040optional\040past\040tense\040ref\)}{part.2}% 22
\BOOKMARK [1][-]{section.8}{Temporal\040remoteness:\040metricality,\040relativity\040and\040gradability}{part.2}% 23
\BOOKMARK [2][-]{subsection.8.1}{Cable 2013 NLS 21 \(Gĩkũyũ [kik] graded tense\)}{section.8}% 24
\BOOKMARK [2][-]{subsection.8.2}{Bohnemeyer\0402018\040SULA}{section.8}% 25
\BOOKMARK [2][-]{subsection.8.3}{Klesna\040&\040Bochnak}{section.8}% 26
\BOOKMARK [0][-]{part.3}{III\040Interactions\040with\040modality}{}% 27
\BOOKMARK [1][-]{section.9}{Krifka\0402015/6\040\(Daakie\040[ptv]\040T&M\040reference\)}{part.3}% 28
\BOOKMARK [2][-]{subsection.9.1}{Realis}{section.9}% 29
\BOOKMARK [2][-]{subsection.9.2}{Potentialis}{section.9}% 30
\BOOKMARK [2][-]{subsection.9.3}{Distal}{section.9}% 31
\BOOKMARK [1][-]{section.10}{Matthewson\0402010\040S&P3\040`Variation\040in\040modality\040systems'}{part.3}% 32
\BOOKMARK [1][-]{section.11}{Rullman\040&\040Matthewson\0402018\040Lang.\04094\(2\)}{part.3}% 33
\BOOKMARK [2][-]{subsection.11.1}{Independence of modal flavour from temp perspective \(§2\)}{section.11}% 34
\BOOKMARK [2][-]{subsection.11.2}{TO and Aspect \(§3\)}{section.11}% 35
\BOOKMARK [2][-]{subsection.11.3}{}{section.11}% 36
\BOOKMARK [1][-]{section.12}{Verstraete\0402006\040AJL26\040`Irreality\040in\040pst\040domain'}{part.3}% 37
\BOOKMARK [1][-]{section.13}{vanderblok\0402012\040TMA\040in\040Paciran\040Javanese}{part.3}% 38
\BOOKMARK [1][-]{section.14}{treatments\040of\040Negation}{part.3}% 39
\BOOKMARK [2][-]{subsection.14.1}{Ramchand\0402005\040on\040two\040types\040of\040negation\040in\040Bengali}{section.14}% 40
\BOOKMARK [0][-]{part.4}{IV\040Notes\040from\040the\040Aspect\040literature}{}% 41
\BOOKMARK [1][-]{section.15}{Krifka\040\(89,\04092\)\040on\040analogies\040bw\040nominal\040ref\040&\040temp\040constitution}{part.4}% 42
\BOOKMARK [1][-]{section.16}{Perfectivity\040as\040definiteness\040\(Ramchand\0402008\)}{part.4}% 43
\BOOKMARK [1][-]{section.17}{`Relative\040tense'\040vs.\040\(viewpoint\)\040aspect\040\(Bohnemeyer\0402007\)}{part.4}% 44
\BOOKMARK [1][-]{section.18}{Treatments\040of\040the\040aorist}{part.4}% 45
\BOOKMARK [2][-]{subsection.18.1}{Opérations énonciatives \(Culioli 1980\)}{section.18}% 46
\BOOKMARK [2][-]{subsection.18.2}{Armenian \(Donabédian 2016\)}{section.18}% 47
\BOOKMARK [0][-]{part.5}{V Treatments of \(& data from\) Yolŋu Matha & surrounds}{}% 48
\BOOKMARK [1][-]{section.19}{Wilkinson 1991 Djambarrpuyŋu}{part.5}% 49
\BOOKMARK [2][-]{subsection.19.1}{Complementation\040\(Wilkinson\040ms.\)}{section.19}% 50
\BOOKMARK [3][-]{subsubsection.19.1.1}{Nominalization}{subsection.19.1}% 51
\BOOKMARK [3][-]{subsubsection.19.1.2}{Apposed\040finite\040clauses}{subsection.19.1}% 52
\BOOKMARK [3][-]{subsubsection.19.1.3}{Serialisation}{subsection.19.1}% 53
\BOOKMARK [2][-]{subsection.19.2}{Conditionals\040\(667ff\)}{section.19}% 54
\BOOKMARK [1][-]{section.20}{van den Wal 1992 Gupapuyŋu}{part.5}% 55
\BOOKMARK [2][-]{subsection.20.1}{Realis}{section.20}% 56
\BOOKMARK [2][-]{subsection.20.2}{Irrealis}{section.20}% 57
\BOOKMARK [2][-]{subsection.20.3}{notes\040on\040aspect}{section.20}% 58
\BOOKMARK [2][-]{subsection.20.4}{notes\040on\040modality}{section.20}% 59
\BOOKMARK [2][-]{subsection.20.5}{Other\040notes}{section.20}% 60
\BOOKMARK [1][-]{section.21}{McLellan\0401992\040Wangurri}{part.5}% 61
\BOOKMARK [2][-]{subsection.21.1}{Descriptions\040of\040the\0405\040inflections}{section.21}% 62
\BOOKMARK [2][-]{subsection.21.2}{Tense\040particles}{section.21}% 63
\BOOKMARK [2][-]{subsection.21.3}{Modal\040particles}{section.21}% 64
\BOOKMARK [3][-]{subsubsection.21.3.1}{Conditionals}{subsection.21.3}% 65
\BOOKMARK [1][-]{section.22}{Waters 1986 Djinaŋ/Djinba}{part.5}% 66
\BOOKMARK [2][-]{subsection.22.1}{Notes on Djinaŋ}{section.22}% 67
\BOOKMARK [2][-]{subsection.22.2}{Notes\040on\040Djinba}{section.22}% 68
\BOOKMARK [1][-]{section.23}{Heath 1980 Ritharrŋu [rit]}{part.5}% 69
\BOOKMARK [1][-]{section.24}{Kabisch-Lindenlaub\0402017\040Golpa}{part.5}% 70
\BOOKMARK [1][-]{section.25}{Non-Yolŋu}{part.5}% 71
\BOOKMARK [2][-]{subsection.25.1}{Green\0401995\040Gurr-goni}{section.25}% 72
\BOOKMARK [2][-]{subsection.25.2}{Nunggubuyu}{section.25}% 73
\BOOKMARK [2][-]{subsection.25.3}{Burarra}{section.25}% 74
\BOOKMARK [2][-]{subsection.25.4}{Eather\0401990\040Na-kara}{section.25}% 75
\BOOKMARK [1][-]{section.26}{Austin\0401998\040on\040tense\040marking\040in\040Australia}{part.5}% 76
\BOOKMARK [0][-]{part.6}{VI\040Anthropological\040&\040ethnographic\040insights}{}% 77
\BOOKMARK [1][-]{section.27}{Hale's\040World\040View\040&\040Semantic\040Categories}{part.6}% 78
\BOOKMARK [1][-]{section.28}{Malotki\040Hopi\040time}{part.6}% 79
\BOOKMARK [0][-]{part.7}{VII\040TMA\040dissertations}{}% 80
\BOOKMARK [1][-]{section.29}{Badiaranke\040\(Cover\0402010\)}{part.7}% 81
