This is XeTeX, Version 3.14159265-2.6-0.99999 (TeX Live 2018) (preloaded format=xelatex 2018.9.27)  23 APR 2019 14:57
entering extended mode
 restricted \write18 enabled.
 %&-line parsing enabled.
**RedYamStoryboard.tex
(./RedYamStoryboard.tex
LaTeX2e <2018-04-01> patch level 2
Babel <3.18> and hyphenation patterns for 84 language(s) loaded.
(/usr/local/texlive/2018/texmf-dist/tex/latex/base/article.cls
Document Class: article 2014/09/29 v1.4h Standard LaTeX document class
(/usr/local/texlive/2018/texmf-dist/tex/latex/base/size10.clo
File: size10.clo 2014/09/29 v1.4h Standard LaTeX file (size option)
)
\c@part=\count80
\c@section=\count81
\c@subsection=\count82
\c@subsubsection=\count83
\c@paragraph=\count84
\c@subparagraph=\count85
\c@figure=\count86
\c@table=\count87
\abovecaptionskip=\skip41
\belowcaptionskip=\skip42
\bibindent=\dimen102
)
(/usr/local/texlive/2018/texmf-dist/tex/latex/csquotes/csquotes.sty
Package: csquotes 2018/02/11 v5.2c context-sensitive quotations (JAW)

(/usr/local/texlive/2018/texmf-dist/tex/latex/etoolbox/etoolbox.sty
Package: etoolbox 2018/02/11 v2.5e e-TeX tools for LaTeX (JAW)
\etb@tempcnta=\count88
)
(/usr/local/texlive/2018/texmf-dist/tex/latex/graphics/keyval.sty
Package: keyval 2014/10/28 v1.15 key=value parser (DPC)
\KV@toks@=\toks14
)
\csq@reset=\count89
\csq@gtype=\count90
\csq@glevel=\count91
\csq@qlevel=\count92
\csq@maxlvl=\count93
\csq@tshold=\count94
\csq@ltx@everypar=\toks15

(/usr/local/texlive/2018/texmf-dist/tex/latex/csquotes/csquotes.def
File: csquotes.def 2018/02/11 v5.2c csquotes generic definitions (JAW)
)
Package csquotes Info: Trying to load configuration file 'csquotes.cfg'...
Package csquotes Info: ... configuration file loaded successfully.

(/usr/local/texlive/2018/texmf-dist/tex/latex/csquotes/csquotes.cfg
File: csquotes.cfg 
))
(/usr/local/texlive/2018/texmf-dist/tex/latex/graphics/graphicx.sty
Package: graphicx 2017/06/01 v1.1a Enhanced LaTeX Graphics (DPC,SPQR)

(/usr/local/texlive/2018/texmf-dist/tex/latex/graphics/graphics.sty
Package: graphics 2017/06/25 v1.2c Standard LaTeX Graphics (DPC,SPQR)

(/usr/local/texlive/2018/texmf-dist/tex/latex/graphics/trig.sty
Package: trig 2016/01/03 v1.10 sin cos tan (DPC)
)
(/usr/local/texlive/2018/texmf-dist/tex/latex/graphics-cfg/graphics.cfg
File: graphics.cfg 2016/06/04 v1.11 sample graphics configuration
)
Package graphics Info: Driver file: xetex.def on input line 99.

(/usr/local/texlive/2018/texmf-dist/tex/latex/graphics-def/xetex.def
File: xetex.def 2017/06/24 v5.0h Graphics/color driver for xetex
))
\Gin@req@height=\dimen103
\Gin@req@width=\dimen104
)
(/usr/local/texlive/2018/texmf-dist/tex/latex/geometry/geometry.sty
Package: geometry 2018/03/24 v5.7 Page Geometry

(/usr/local/texlive/2018/texmf-dist/tex/generic/oberdiek/ifpdf.sty
Package: ifpdf 2017/03/15 v3.2 Provides the ifpdf switch
)
(/usr/local/texlive/2018/texmf-dist/tex/generic/oberdiek/ifvtex.sty
Package: ifvtex 2016/05/16 v1.6 Detect VTeX and its facilities (HO)
Package ifvtex Info: VTeX not detected.
)
(/usr/local/texlive/2018/texmf-dist/tex/generic/ifxetex/ifxetex.sty
Package: ifxetex 2010/09/12 v0.6 Provides ifxetex conditional
)
\Gm@cnth=\count95
\Gm@cntv=\count96
\c@Gm@tempcnt=\count97
\Gm@bindingoffset=\dimen105
\Gm@wd@mp=\dimen106
\Gm@odd@mp=\dimen107
\Gm@even@mp=\dimen108
\Gm@layoutwidth=\dimen109
\Gm@layoutheight=\dimen110
\Gm@layouthoffset=\dimen111
\Gm@layoutvoffset=\dimen112
\Gm@dimlist=\toks16
)
\c@framenumber=\count98
Package csquotes Info: Checking for multilingual support...
Package csquotes Info: ... none found.

(./RedYamStoryboard.aux)
\openout1 = `RedYamStoryboard.aux'.

LaTeX Font Info:    Checking defaults for OML/cmm/m/it on input line 21.
LaTeX Font Info:    ... okay on input line 21.
LaTeX Font Info:    Checking defaults for T1/cmr/m/n on input line 21.
LaTeX Font Info:    ... okay on input line 21.
LaTeX Font Info:    Checking defaults for OT1/cmr/m/n on input line 21.
LaTeX Font Info:    ... okay on input line 21.
LaTeX Font Info:    Checking defaults for OMS/cmsy/m/n on input line 21.
LaTeX Font Info:    ... okay on input line 21.
LaTeX Font Info:    Checking defaults for TU/lmr/m/n on input line 21.
LaTeX Font Info:    ... okay on input line 21.
LaTeX Font Info:    Checking defaults for OMX/cmex/m/n on input line 21.
LaTeX Font Info:    ... okay on input line 21.
LaTeX Font Info:    Checking defaults for U/cmr/m/n on input line 21.
LaTeX Font Info:    ... okay on input line 21.

*geometry* driver: auto-detecting
*geometry* detected driver: xetex
*geometry* verbose mode - [ preamble ] result:
* driver: xetex
* paper: <default>
* layout: <same size as paper>
* layoutoffset:(h,v)=(0.0pt,0.0pt)
* modes: 
* h-part:(L,W,R)=(71.13188pt, 472.03123pt, 71.13188pt)
* v-part:(T,H,B)=(71.13188pt, 652.70622pt, 71.13188pt)
* \paperwidth=614.295pt
* \paperheight=794.96999pt
* \textwidth=472.03123pt
* \textheight=652.70622pt
* \oddsidemargin=-1.1381pt
* \evensidemargin=-1.1381pt
* \topmargin=-38.1381pt
* \headheight=12.0pt
* \headsep=25.0pt
* \topskip=10.0pt
* \footskip=30.0pt
* \marginparwidth=65.0pt
* \marginparsep=11.0pt
* \columnsep=10.0pt
* \skip\footins=9.0pt plus 4.0pt minus 2.0pt
* \hoffset=0.0pt
* \voffset=0.0pt
* \mag=1000
* \@twocolumnfalse
* \@twosidefalse
* \@mparswitchfalse
* \@reversemarginfalse
* (1in=72.27pt=25.4mm, 1cm=28.453pt)

File: StoryboardsRedYam01.pdf Graphic file (type pdf)
<use StoryboardsRedYam01.pdf>
File: StoryboardsRedYam02.pdf Graphic file (type pdf)
<use StoryboardsRedYam02.pdf>
[1

]
File: StoryboardsRedYam03.pdf Graphic file (type pdf)
<use StoryboardsRedYam03.pdf>
File: StoryboardsRedYam05.pdf Graphic file (type pdf)
<use StoryboardsRedYam05.pdf>
File: StoryboardsRedYam06.pdf Graphic file (type pdf)
<use StoryboardsRedYam06.pdf>
 [2]
File: StoryboardsRedYam07.pdf Graphic file (type pdf)
<use StoryboardsRedYam07.pdf>
File: StoryboardsRedYam08.pdf Graphic file (type pdf)
<use StoryboardsRedYam08.pdf>
 [3]
File: StoryboardsRedYam09.pdf Graphic file (type pdf)
<use StoryboardsRedYam09.pdf>
 [4]
File: StoryboardsRedYam10.pdf Graphic file (type pdf)
<use StoryboardsRedYam10.pdf>
File: StoryboardsRedYam11.pdf Graphic file (type pdf)
<use StoryboardsRedYam11.pdf>
 [5]
File: StoryboardsRedYam12.pdf Graphic file (type pdf)
<use StoryboardsRedYam12.pdf>
File: StoryboardsRedYam13.pdf Graphic file (type pdf)
<use StoryboardsRedYam13.pdf>
 [6]
File: StoryboardsRedYam14.pdf Graphic file (type pdf)
<use StoryboardsRedYam14.pdf>
File: StoryboardsRedYam15.pdf Graphic file (type pdf)
<use StoryboardsRedYam15.pdf>
 [7]
File: StoryboardsRedYam16.pdf Graphic file (type pdf)
<use StoryboardsRedYam16.pdf>
File: StoryboardsRedYam17.pdf Graphic file (type pdf)
<use StoryboardsRedYam17.pdf>
 [8]
File: StoryboardsRedYam18.pdf Graphic file (type pdf)
<use StoryboardsRedYam18.pdf>
File: StoryboardsRedYam19.pdf Graphic file (type pdf)
<use StoryboardsRedYam19.pdf>
 [9]
File: StoryboardsRedYam20.pdf Graphic file (type pdf)
<use StoryboardsRedYam20.pdf>
 [10] (./RedYamStoryboard.aux) ) 
Here is how much of TeX's memory you used:
 2035 strings out of 492970
 29844 string characters out of 6133938
 109199 words of memory out of 5000000
 6058 multiletter control sequences out of 15000+600000
 3656 words of font info for 16 fonts, out of 8000000 for 9000
 1348 hyphenation exceptions out of 8191
 25i,5n,32p,826b,111s stack positions out of 5000i,500n,10000p,200000b,80000s

Output written on RedYamStoryboard.pdf (10 pages).
